running egg_info
writing ../../build/boxbot_teleop/boxbot_teleop.egg-info/PKG-INFO
writing dependency_links to ../../build/boxbot_teleop/boxbot_teleop.egg-info/dependency_links.txt
writing entry points to ../../build/boxbot_teleop/boxbot_teleop.egg-info/entry_points.txt
writing requirements to ../../build/boxbot_teleop/boxbot_teleop.egg-info/requires.txt
writing top-level names to ../../build/boxbot_teleop/boxbot_teleop.egg-info/top_level.txt
reading manifest file '../../build/boxbot_teleop/boxbot_teleop.egg-info/SOURCES.txt'
adding license file 'LICENSE'
writing manifest file '../../build/boxbot_teleop/boxbot_teleop.egg-info/SOURCES.txt'
running build
running build_py
running install
running install_lib
running install_data
running install_egg_info
removing '/home/jacob/Desktop/boxbot_ws/install/boxbot_teleop/lib/python3.12/site-packages/boxbot_teleop-0.0.0-py3.12.egg-info' (and everything under it)
Copying ../../build/boxbot_teleop/boxbot_teleop.egg-info to /home/jacob/Desktop/boxbot_ws/install/boxbot_teleop/lib/python3.12/site-packages/boxbot_teleop-0.0.0-py3.12.egg-info
running install_scripts
Installing teleop_keyboard script to /home/jacob/Desktop/boxbot_ws/install/boxbot_teleop/lib/boxbot_teleop
writing list of installed files to '/home/jacob/Desktop/boxbot_ws/build/boxbot_teleop/install.log'
