[1.163s] DEBUG:colcon:Command line arguments: ['/home/boxbot/venv/bin/colcon', 'build', '--symlink-install']
[1.164s] DEBUG:colcon:Parsed command line arguments: Namespace(log_base=None, log_level=None, verb_name='build', build_base='build', install_base='install', merge_install=False, symlink_install=True, test_result_base=None, continue_on_error=False, executor='parallel', parallel_workers=4, event_handlers=None, ignore_user_meta=False, metas=['./colcon.meta'], base_paths=['.'], packages_ignore=None, packages_ignore_regex=None, paths=None, packages_up_to=None, packages_up_to_regex=None, packages_above=None, packages_above_and_dependencies=None, packages_above_depth=None, packages_select_by_dep=None, packages_skip_by_dep=None, packages_skip_up_to=None, packages_select_build_failed=False, packages_skip_build_finished=False, packages_select_test_failures=False, packages_skip_test_passed=False, packages_select=None, packages_skip=None, packages_select_regex=None, packages_skip_regex=None, packages_start=None, packages_end=None, cmake_args=None, cmake_target=None, cmake_target_skip_unavailable=False, cmake_clean_cache=False, cmake_clean_first=False, cmake_force_configure=False, ament_cmake_args=None, catkin_cmake_args=None, catkin_skip_building_tests=False, verb_parser=<colcon_defaults.argument_parser.defaults.DefaultArgumentsDecorator object at 0xffffab988710>, verb_extension=<colcon_core.verb.build.BuildVerb object at 0xffffab8e0260>, main=<bound method BuildVerb.main of <colcon_core.verb.build.BuildVerb object at 0xffffab8e0260>>)
[1.531s] Level 1:colcon.colcon_core.package_discovery:discover_packages(colcon_meta) check parameters
[1.532s] Level 1:colcon.colcon_core.package_discovery:discover_packages(recursive) check parameters
[1.532s] Level 1:colcon.colcon_core.package_discovery:discover_packages(ignore) check parameters
[1.532s] Level 1:colcon.colcon_core.package_discovery:discover_packages(path) check parameters
[1.532s] Level 1:colcon.colcon_core.package_discovery:discover_packages(colcon_meta) discover
[1.532s] Level 1:colcon.colcon_core.package_discovery:discover_packages(recursive) discover
[1.533s] INFO:colcon.colcon_core.package_discovery:Crawling recursively for packages in '/home/boxbot/boxbot_ws'
[1.533s] Level 1:colcon.colcon_core.package_identification:_identify(.) by extensions ['ignore', 'ignore_ament_install']
[1.534s] Level 1:colcon.colcon_core.package_identification:_identify(.) by extension 'ignore'
[1.535s] Level 1:colcon.colcon_core.package_identification:_identify(.) by extension 'ignore_ament_install'
[1.535s] Level 1:colcon.colcon_core.package_identification:_identify(.) by extensions ['colcon_pkg']
[1.535s] Level 1:colcon.colcon_core.package_identification:_identify(.) by extension 'colcon_pkg'
[1.536s] Level 1:colcon.colcon_core.package_identification:_identify(.) by extensions ['colcon_meta']
[1.536s] Level 1:colcon.colcon_core.package_identification:_identify(.) by extension 'colcon_meta'
[1.536s] Level 1:colcon.colcon_core.package_identification:_identify(.) by extensions ['ros']
[1.536s] Level 1:colcon.colcon_core.package_identification:_identify(.) by extension 'ros'
[1.713s] Level 1:colcon.colcon_core.package_identification:_identify(.) by extensions ['cmake', 'python']
[1.713s] Level 1:colcon.colcon_core.package_identification:_identify(.) by extension 'cmake'
[1.713s] Level 1:colcon.colcon_core.package_identification:_identify(.) by extension 'python'
[1.714s] Level 1:colcon.colcon_core.package_identification:_identify(.) by extensions ['python_setup_py']
[1.714s] Level 1:colcon.colcon_core.package_identification:_identify(.) by extension 'python_setup_py'
[1.714s] Level 1:colcon.colcon_core.package_identification:_identify(build) by extensions ['ignore', 'ignore_ament_install']
[1.715s] Level 1:colcon.colcon_core.package_identification:_identify(build) by extension 'ignore'
[1.715s] Level 1:colcon.colcon_core.package_identification:_identify(build) ignored
[1.716s] Level 1:colcon.colcon_core.package_identification:_identify(install) by extensions ['ignore', 'ignore_ament_install']
[1.716s] Level 1:colcon.colcon_core.package_identification:_identify(install) by extension 'ignore'
[1.717s] Level 1:colcon.colcon_core.package_identification:_identify(install) ignored
[1.717s] Level 1:colcon.colcon_core.package_identification:_identify(log) by extensions ['ignore', 'ignore_ament_install']
[1.718s] Level 1:colcon.colcon_core.package_identification:_identify(log) by extension 'ignore'
[1.718s] Level 1:colcon.colcon_core.package_identification:_identify(log) ignored
[1.718s] Level 1:colcon.colcon_core.package_identification:_identify(src) by extensions ['ignore', 'ignore_ament_install']
[1.718s] Level 1:colcon.colcon_core.package_identification:_identify(src) by extension 'ignore'
[1.719s] Level 1:colcon.colcon_core.package_identification:_identify(src) by extension 'ignore_ament_install'
[1.719s] Level 1:colcon.colcon_core.package_identification:_identify(src) by extensions ['colcon_pkg']
[1.719s] Level 1:colcon.colcon_core.package_identification:_identify(src) by extension 'colcon_pkg'
[1.720s] Level 1:colcon.colcon_core.package_identification:_identify(src) by extensions ['colcon_meta']
[1.720s] Level 1:colcon.colcon_core.package_identification:_identify(src) by extension 'colcon_meta'
[1.720s] Level 1:colcon.colcon_core.package_identification:_identify(src) by extensions ['ros']
[1.720s] Level 1:colcon.colcon_core.package_identification:_identify(src) by extension 'ros'
[1.720s] Level 1:colcon.colcon_core.package_identification:_identify(src) by extensions ['cmake', 'python']
[1.721s] Level 1:colcon.colcon_core.package_identification:_identify(src) by extension 'cmake'
[1.721s] Level 1:colcon.colcon_core.package_identification:_identify(src) by extension 'python'
[1.721s] Level 1:colcon.colcon_core.package_identification:_identify(src) by extensions ['python_setup_py']
[1.721s] Level 1:colcon.colcon_core.package_identification:_identify(src) by extension 'python_setup_py'
[1.722s] Level 1:colcon.colcon_core.package_identification:_identify(src/boxbot_main) by extensions ['ignore', 'ignore_ament_install']
[1.722s] Level 1:colcon.colcon_core.package_identification:_identify(src/boxbot_main) by extension 'ignore'
[1.722s] Level 1:colcon.colcon_core.package_identification:_identify(src/boxbot_main) by extension 'ignore_ament_install'
[1.723s] Level 1:colcon.colcon_core.package_identification:_identify(src/boxbot_main) by extensions ['colcon_pkg']
[1.723s] Level 1:colcon.colcon_core.package_identification:_identify(src/boxbot_main) by extension 'colcon_pkg'
[1.723s] Level 1:colcon.colcon_core.package_identification:_identify(src/boxbot_main) by extensions ['colcon_meta']
[1.723s] Level 1:colcon.colcon_core.package_identification:_identify(src/boxbot_main) by extension 'colcon_meta'
[1.724s] Level 1:colcon.colcon_core.package_identification:_identify(src/boxbot_main) by extensions ['ros']
[1.724s] Level 1:colcon.colcon_core.package_identification:_identify(src/boxbot_main) by extension 'ros'
[1.740s] DEBUG:colcon.colcon_core.package_identification:Package 'src/boxbot_main' with type 'ros.ament_python' and name 'boxbot_main'
[1.741s] Level 1:colcon.colcon_core.package_discovery:discover_packages(recursive) using defaults
[1.741s] Level 1:colcon.colcon_core.package_discovery:discover_packages(ignore) discover
[1.741s] Level 1:colcon.colcon_core.package_discovery:discover_packages(ignore) using defaults
[1.741s] Level 1:colcon.colcon_core.package_discovery:discover_packages(path) discover
[1.741s] Level 1:colcon.colcon_core.package_discovery:discover_packages(path) using defaults
[1.856s] Level 5:colcon.colcon_core.verb:set package 'boxbot_main' build argument 'cmake_args' from command line to 'None'
[1.856s] Level 5:colcon.colcon_core.verb:set package 'boxbot_main' build argument 'cmake_target' from command line to 'None'
[1.856s] Level 5:colcon.colcon_core.verb:set package 'boxbot_main' build argument 'cmake_target_skip_unavailable' from command line to 'False'
[1.857s] Level 5:colcon.colcon_core.verb:set package 'boxbot_main' build argument 'cmake_clean_cache' from command line to 'False'
[1.857s] Level 5:colcon.colcon_core.verb:set package 'boxbot_main' build argument 'cmake_clean_first' from command line to 'False'
[1.857s] Level 5:colcon.colcon_core.verb:set package 'boxbot_main' build argument 'cmake_force_configure' from command line to 'False'
[1.857s] Level 5:colcon.colcon_core.verb:set package 'boxbot_main' build argument 'ament_cmake_args' from command line to 'None'
[1.857s] Level 5:colcon.colcon_core.verb:set package 'boxbot_main' build argument 'catkin_cmake_args' from command line to 'None'
[1.857s] Level 5:colcon.colcon_core.verb:set package 'boxbot_main' build argument 'catkin_skip_building_tests' from command line to 'False'
[1.858s] DEBUG:colcon.colcon_core.verb:Building package 'boxbot_main' with the following arguments: {'ament_cmake_args': None, 'build_base': '/home/boxbot/boxbot_ws/build/boxbot_main', 'catkin_cmake_args': None, 'catkin_skip_building_tests': False, 'cmake_args': None, 'cmake_clean_cache': False, 'cmake_clean_first': False, 'cmake_force_configure': False, 'cmake_target': None, 'cmake_target_skip_unavailable': False, 'install_base': '/home/boxbot/boxbot_ws/install/boxbot_main', 'merge_install': False, 'path': '/home/boxbot/boxbot_ws/src/boxbot_main', 'symlink_install': True, 'test_result_base': None}
[1.858s] INFO:colcon.colcon_core.executor:Executing jobs using 'parallel' executor
[1.862s] DEBUG:colcon.colcon_parallel_executor.executor.parallel:run_until_complete
[1.863s] INFO:colcon.colcon_ros.task.ament_python.build:Building ROS package in '/home/boxbot/boxbot_ws/src/boxbot_main' with build type 'ament_python'
[1.864s] Level 1:colcon.colcon_core.shell:create_environment_hook('boxbot_main', 'ament_prefix_path')
[1.890s] INFO:colcon.colcon_core.plugin_system:Skipping extension 'colcon_core.shell.bat': Not used on non-Windows systems
[1.891s] INFO:colcon.colcon_core.shell:Creating environment hook '/home/boxbot/boxbot_ws/install/boxbot_main/share/boxbot_main/hook/ament_prefix_path.ps1'
[1.897s] INFO:colcon.colcon_core.shell:Creating environment descriptor '/home/boxbot/boxbot_ws/install/boxbot_main/share/boxbot_main/hook/ament_prefix_path.dsv'
[1.901s] INFO:colcon.colcon_core.shell:Creating environment hook '/home/boxbot/boxbot_ws/install/boxbot_main/share/boxbot_main/hook/ament_prefix_path.sh'
[1.908s] INFO:colcon.colcon_core.shell:Skip shell extension 'powershell' for command environment: Not usable outside of PowerShell
[1.908s] DEBUG:colcon.colcon_core.shell:Skip shell extension 'dsv' for command environment
[3.044s] INFO:colcon.colcon_core.task.python.build:Building Python package in '/home/boxbot/boxbot_ws/src/boxbot_main'
[3.045s] INFO:colcon.colcon_core.shell:Skip shell extension 'powershell' for command environment: Not usable outside of PowerShell
[3.045s] DEBUG:colcon.colcon_core.shell:Skip shell extension 'dsv' for command environment
[6.055s] DEBUG:colcon.colcon_core.event_handler.log_command:Invoking command in '/home/boxbot/boxbot_ws/build/boxbot_main': PS1=(venv) PYTHONPATH=/home/boxbot/boxbot_ws/build/boxbot_main/prefix_override:/home/boxbot/venv/lib/python3.12/site-packages/colcon_core/task/python/colcon_distutils_commands:/home/boxbot/boxbot_ws/install/boxbot_main/lib/python3.12/site-packages:${PYTHONPATH} VIRTUAL_ENV_PROMPT=(venv) /home/boxbot/venv/bin/python3 -W ignore:setup.py install is deprecated -W ignore:easy_install command is deprecated setup.py develop --editable --build-directory /home/boxbot/boxbot_ws/build/boxbot_main/build --no-deps symlink_data
[8.839s] Level 1:colcon.colcon_core.shell:create_environment_hook('boxbot_main', 'pythonpath_develop')
[8.840s] INFO:colcon.colcon_core.shell:Creating environment hook '/home/boxbot/boxbot_ws/build/boxbot_main/share/boxbot_main/hook/pythonpath_develop.ps1'
[8.842s] DEBUG:colcon.colcon_core.event_handler.log_command:Invoked command in '/home/boxbot/boxbot_ws/build/boxbot_main' returned '0': PS1=(venv) PYTHONPATH=/home/boxbot/boxbot_ws/build/boxbot_main/prefix_override:/home/boxbot/venv/lib/python3.12/site-packages/colcon_core/task/python/colcon_distutils_commands:/home/boxbot/boxbot_ws/install/boxbot_main/lib/python3.12/site-packages:${PYTHONPATH} VIRTUAL_ENV_PROMPT=(venv) /home/boxbot/venv/bin/python3 -W ignore:setup.py install is deprecated -W ignore:easy_install command is deprecated setup.py develop --editable --build-directory /home/boxbot/boxbot_ws/build/boxbot_main/build --no-deps symlink_data
[8.845s] INFO:colcon.colcon_core.shell:Creating environment descriptor '/home/boxbot/boxbot_ws/build/boxbot_main/share/boxbot_main/hook/pythonpath_develop.dsv'
[8.849s] INFO:colcon.colcon_core.shell:Creating environment hook '/home/boxbot/boxbot_ws/build/boxbot_main/share/boxbot_main/hook/pythonpath_develop.sh'
[8.882s] Level 1:colcon.colcon_core.environment:checking '/home/boxbot/boxbot_ws/install/boxbot_main' for CMake module files
[8.887s] Level 1:colcon.colcon_core.environment:checking '/home/boxbot/boxbot_ws/install/boxbot_main' for CMake config files
[8.891s] Level 1:colcon.colcon_core.environment:checking '/home/boxbot/boxbot_ws/install/boxbot_main/lib'
[8.892s] Level 1:colcon.colcon_core.environment:checking '/home/boxbot/boxbot_ws/install/boxbot_main/bin'
[8.893s] Level 1:colcon.colcon_core.environment:checking '/home/boxbot/boxbot_ws/install/boxbot_main/lib/pkgconfig/boxbot_main.pc'
[8.894s] Level 1:colcon.colcon_core.environment:checking '/home/boxbot/boxbot_ws/install/boxbot_main/lib/python3.12/site-packages'
[8.894s] Level 1:colcon.colcon_core.shell:create_environment_hook('boxbot_main', 'pythonpath')
[8.895s] INFO:colcon.colcon_core.shell:Creating environment hook '/home/boxbot/boxbot_ws/install/boxbot_main/share/boxbot_main/hook/pythonpath.ps1'
[8.898s] INFO:colcon.colcon_core.shell:Creating environment descriptor '/home/boxbot/boxbot_ws/install/boxbot_main/share/boxbot_main/hook/pythonpath.dsv'
[8.903s] INFO:colcon.colcon_core.shell:Creating environment hook '/home/boxbot/boxbot_ws/install/boxbot_main/share/boxbot_main/hook/pythonpath.sh'
[8.907s] Level 1:colcon.colcon_core.environment:checking '/home/boxbot/boxbot_ws/install/boxbot_main/bin'
[8.908s] Level 1:colcon.colcon_core.environment:create_environment_scripts_only(boxbot_main)
[8.909s] INFO:colcon.colcon_core.shell:Creating package script '/home/boxbot/boxbot_ws/install/boxbot_main/share/boxbot_main/package.ps1'
[8.915s] INFO:colcon.colcon_core.shell:Creating package descriptor '/home/boxbot/boxbot_ws/install/boxbot_main/share/boxbot_main/package.dsv'
[8.920s] INFO:colcon.colcon_core.shell:Creating package script '/home/boxbot/boxbot_ws/install/boxbot_main/share/boxbot_main/package.sh'
[8.926s] INFO:colcon.colcon_core.shell:Creating package script '/home/boxbot/boxbot_ws/install/boxbot_main/share/boxbot_main/package.bash'
[8.933s] INFO:colcon.colcon_core.shell:Creating package script '/home/boxbot/boxbot_ws/install/boxbot_main/share/boxbot_main/package.zsh'
[8.938s] Level 1:colcon.colcon_core.environment:create_file_with_runtime_dependencies(/home/boxbot/boxbot_ws/install/boxbot_main/share/colcon-core/packages/boxbot_main)
[8.940s] DEBUG:colcon.colcon_parallel_executor.executor.parallel:closing loop
[8.942s] DEBUG:colcon.colcon_parallel_executor.executor.parallel:loop closed
[8.943s] DEBUG:colcon.colcon_parallel_executor.executor.parallel:run_until_complete finished with '0'
[8.943s] DEBUG:colcon.colcon_core.event_reactor:joining thread
[8.956s] INFO:colcon.colcon_core.plugin_system:Skipping extension 'colcon_notification.desktop_notification.notify2': 'notify2' not found
[8.958s] INFO:colcon.colcon_core.plugin_system:Skipping extension 'colcon_notification.desktop_notification.terminal_notifier': Not used on non-Darwin systems
[8.958s] INFO:colcon.colcon_core.plugin_system:Skipping extension 'colcon_notification.desktop_notification.win32': Not used on non-Windows systems
[8.958s] INFO:colcon.colcon_notification.desktop_notification:Sending desktop notification using 'notify_send'
[8.986s] DEBUG:colcon.colcon_core.event_reactor:joined thread
[8.987s] INFO:colcon.colcon_core.shell:Creating prefix script '/home/boxbot/boxbot_ws/install/local_setup.ps1'
[8.997s] INFO:colcon.colcon_core.shell:Creating prefix util module '/home/boxbot/boxbot_ws/install/_local_setup_util_ps1.py'
[9.010s] INFO:colcon.colcon_core.shell:Creating prefix chain script '/home/boxbot/boxbot_ws/install/setup.ps1'
[9.019s] INFO:colcon.colcon_core.shell:Creating prefix script '/home/boxbot/boxbot_ws/install/local_setup.sh'
[9.026s] INFO:colcon.colcon_core.shell:Creating prefix util module '/home/boxbot/boxbot_ws/install/_local_setup_util_sh.py'
[9.032s] INFO:colcon.colcon_core.shell:Creating prefix chain script '/home/boxbot/boxbot_ws/install/setup.sh'
[9.040s] INFO:colcon.colcon_core.shell:Creating prefix script '/home/boxbot/boxbot_ws/install/local_setup.bash'
[9.044s] INFO:colcon.colcon_core.shell:Creating prefix chain script '/home/boxbot/boxbot_ws/install/setup.bash'
[9.050s] INFO:colcon.colcon_core.shell:Creating prefix script '/home/boxbot/boxbot_ws/install/local_setup.zsh'
[9.055s] INFO:colcon.colcon_core.shell:Creating prefix chain script '/home/boxbot/boxbot_ws/install/setup.zsh'
