[0.519s] Invoking command in '/home/jacob/Desktop/boxbot_ws/src/py_pubsub': DEBUGINFOD_URLS=https://debuginfod.ubuntu.com PYTHONPATH=/home/jacob/Desktop/boxbot_ws/build/py_pubsub/prefix_override:/usr/lib/python3/dist-packages/colcon_core/task/python/colcon_distutils_commands:/home/jacob/Desktop/boxbot_ws/install/py_pubsub/lib/python3.12/site-packages:${PYTHONPATH} /usr/bin/python3 -W ignore:setup.py install is deprecated -W ignore:easy_install command is deprecated setup.py egg_info --egg-base ../../build/py_pubsub build --build-base /home/jacob/Desktop/boxbot_ws/build/py_pubsub/build install --record /home/jacob/Desktop/boxbot_ws/build/py_pubsub/install.log --single-version-externally-managed install_data
[0.686s] running egg_info
[0.686s] creating ../../build/py_pubsub/py_pubsub.egg-info
[0.696s] writing ../../build/py_pubsub/py_pubsub.egg-info/PKG-INFO
[0.697s] writing dependency_links to ../../build/py_pubsub/py_pubsub.egg-info/dependency_links.txt
[0.697s] writing entry points to ../../build/py_pubsub/py_pubsub.egg-info/entry_points.txt
[0.697s] writing requirements to ../../build/py_pubsub/py_pubsub.egg-info/requires.txt
[0.697s] writing top-level names to ../../build/py_pubsub/py_pubsub.egg-info/top_level.txt
[0.697s] writing manifest file '../../build/py_pubsub/py_pubsub.egg-info/SOURCES.txt'
[0.719s] reading manifest file '../../build/py_pubsub/py_pubsub.egg-info/SOURCES.txt'
[0.719s] adding license file 'LICENSE'
[0.719s] writing manifest file '../../build/py_pubsub/py_pubsub.egg-info/SOURCES.txt'
[0.720s] running build
[0.720s] running build_py
[0.720s] creating /home/jacob/Desktop/boxbot_ws/build/py_pubsub/build
[0.720s] creating /home/jacob/Desktop/boxbot_ws/build/py_pubsub/build/lib
[0.720s] creating /home/jacob/Desktop/boxbot_ws/build/py_pubsub/build/lib/py_pubsub
[0.720s] copying py_pubsub/publisher_member_function.py -> /home/jacob/Desktop/boxbot_ws/build/py_pubsub/build/lib/py_pubsub
[0.720s] copying py_pubsub/subscriber_member_function.py -> /home/jacob/Desktop/boxbot_ws/build/py_pubsub/build/lib/py_pubsub
[0.721s] copying py_pubsub/__init__.py -> /home/jacob/Desktop/boxbot_ws/build/py_pubsub/build/lib/py_pubsub
[0.721s] running install
[0.727s] running install_lib
[0.738s] creating /home/jacob/Desktop/boxbot_ws/install/py_pubsub/lib/python3.12/site-packages/py_pubsub
[0.738s] copying /home/jacob/Desktop/boxbot_ws/build/py_pubsub/build/lib/py_pubsub/publisher_member_function.py -> /home/jacob/Desktop/boxbot_ws/install/py_pubsub/lib/python3.12/site-packages/py_pubsub
[0.738s] copying /home/jacob/Desktop/boxbot_ws/build/py_pubsub/build/lib/py_pubsub/subscriber_member_function.py -> /home/jacob/Desktop/boxbot_ws/install/py_pubsub/lib/python3.12/site-packages/py_pubsub
[0.738s] copying /home/jacob/Desktop/boxbot_ws/build/py_pubsub/build/lib/py_pubsub/__init__.py -> /home/jacob/Desktop/boxbot_ws/install/py_pubsub/lib/python3.12/site-packages/py_pubsub
[0.738s] byte-compiling /home/jacob/Desktop/boxbot_ws/install/py_pubsub/lib/python3.12/site-packages/py_pubsub/publisher_member_function.py to publisher_member_function.cpython-312.pyc
[0.738s] byte-compiling /home/jacob/Desktop/boxbot_ws/install/py_pubsub/lib/python3.12/site-packages/py_pubsub/subscriber_member_function.py to subscriber_member_function.cpython-312.pyc
[0.739s] byte-compiling /home/jacob/Desktop/boxbot_ws/install/py_pubsub/lib/python3.12/site-packages/py_pubsub/__init__.py to __init__.cpython-312.pyc
[0.739s] running install_data
[0.739s] creating /home/jacob/Desktop/boxbot_ws/install/py_pubsub/share/ament_index
[0.739s] creating /home/jacob/Desktop/boxbot_ws/install/py_pubsub/share/ament_index/resource_index
[0.739s] creating /home/jacob/Desktop/boxbot_ws/install/py_pubsub/share/ament_index/resource_index/packages
[0.739s] copying resource/py_pubsub -> /home/jacob/Desktop/boxbot_ws/install/py_pubsub/share/ament_index/resource_index/packages
[0.739s] copying package.xml -> /home/jacob/Desktop/boxbot_ws/install/py_pubsub/share/py_pubsub
[0.739s] running install_egg_info
[0.751s] Copying ../../build/py_pubsub/py_pubsub.egg-info to /home/jacob/Desktop/boxbot_ws/install/py_pubsub/lib/python3.12/site-packages/py_pubsub-0.0.0-py3.12.egg-info
[0.751s] running install_scripts
[0.838s] Installing listener script to /home/jacob/Desktop/boxbot_ws/install/py_pubsub/lib/py_pubsub
[0.838s] Installing talker script to /home/jacob/Desktop/boxbot_ws/install/py_pubsub/lib/py_pubsub
[0.839s] writing list of installed files to '/home/jacob/Desktop/boxbot_ws/build/py_pubsub/install.log'
[0.855s] Invoked command in '/home/jacob/Desktop/boxbot_ws/src/py_pubsub' returned '0': DEBUGINFOD_URLS=https://debuginfod.ubuntu.com PYTHONPATH=/home/jacob/Desktop/boxbot_ws/build/py_pubsub/prefix_override:/usr/lib/python3/dist-packages/colcon_core/task/python/colcon_distutils_commands:/home/jacob/Desktop/boxbot_ws/install/py_pubsub/lib/python3.12/site-packages:${PYTHONPATH} /usr/bin/python3 -W ignore:setup.py install is deprecated -W ignore:easy_install command is deprecated setup.py egg_info --egg-base ../../build/py_pubsub build --build-base /home/jacob/Desktop/boxbot_ws/build/py_pubsub/build install --record /home/jacob/Desktop/boxbot_ws/build/py_pubsub/install.log --single-version-externally-managed install_data
