running egg_info
creating ../../build/boxbot_teleop/boxbot_teleop.egg-info
writing ../../build/boxbot_teleop/boxbot_teleop.egg-info/PKG-INFO
writing dependency_links to ../../build/boxbot_teleop/boxbot_teleop.egg-info/dependency_links.txt
writing requirements to ../../build/boxbot_teleop/boxbot_teleop.egg-info/requires.txt
writing top-level names to ../../build/boxbot_teleop/boxbot_teleop.egg-info/top_level.txt
writing manifest file '../../build/boxbot_teleop/boxbot_teleop.egg-info/SOURCES.txt'
reading manifest file '../../build/boxbot_teleop/boxbot_teleop.egg-info/SOURCES.txt'
adding license file 'LICENSE'
writing manifest file '../../build/boxbot_teleop/boxbot_teleop.egg-info/SOURCES.txt'
running build
running build_py
creating /home/jacob/Desktop/boxbot_ws/build/boxbot_teleop/build
creating /home/jacob/Desktop/boxbot_ws/build/boxbot_teleop/build/lib
creating /home/jacob/Desktop/boxbot_ws/build/boxbot_teleop/build/lib/boxbot_teleop
copying boxbot_teleop/__init__.py -> /home/jacob/Desktop/boxbot_ws/build/boxbot_teleop/build/lib/boxbot_teleop
running install
running install_lib
creating /home/jacob/Desktop/boxbot_ws/install/boxbot_teleop/lib/python3.12/site-packages/boxbot_teleop
copying /home/jacob/Desktop/boxbot_ws/build/boxbot_teleop/build/lib/boxbot_teleop/__init__.py -> /home/jacob/Desktop/boxbot_ws/install/boxbot_teleop/lib/python3.12/site-packages/boxbot_teleop
byte-compiling /home/jacob/Desktop/boxbot_ws/install/boxbot_teleop/lib/python3.12/site-packages/boxbot_teleop/__init__.py to __init__.cpython-312.pyc
running install_data
creating /home/jacob/Desktop/boxbot_ws/install/boxbot_teleop/share/ament_index
creating /home/jacob/Desktop/boxbot_ws/install/boxbot_teleop/share/ament_index/resource_index
creating /home/jacob/Desktop/boxbot_ws/install/boxbot_teleop/share/ament_index/resource_index/packages
copying resource/boxbot_teleop -> /home/jacob/Desktop/boxbot_ws/install/boxbot_teleop/share/ament_index/resource_index/packages
copying package.xml -> /home/jacob/Desktop/boxbot_ws/install/boxbot_teleop/share/boxbot_teleop
running install_egg_info
Copying ../../build/boxbot_teleop/boxbot_teleop.egg-info to /home/jacob/Desktop/boxbot_ws/install/boxbot_teleop/lib/python3.12/site-packages/boxbot_teleop-0.0.0-py3.12.egg-info
running install_scripts
writing list of installed files to '/home/jacob/Desktop/boxbot_ws/build/boxbot_teleop/install.log'
