[0.209s] DEBUG:colcon:Command line arguments: ['/usr/bin/colcon', 'build']
[0.209s] DEBUG:colcon:Parsed command line arguments: Namespace(log_base=None, log_level=None, verb_name='build', build_base='build', install_base='install', merge_install=False, symlink_install=False, test_result_base=None, continue_on_error=False, executor='parallel', parallel_workers=22, event_handlers=None, ignore_user_meta=False, metas=['./colcon.meta'], base_paths=['.'], packages_ignore=None, packages_ignore_regex=None, paths=None, packages_up_to=None, packages_up_to_regex=None, packages_above=None, packages_above_and_dependencies=None, packages_above_depth=None, packages_select_by_dep=None, packages_skip_by_dep=None, packages_skip_up_to=None, packages_select_build_failed=False, packages_skip_build_finished=False, packages_select_test_failures=False, packages_skip_test_passed=False, packages_select=None, packages_skip=None, packages_select_regex=None, packages_skip_regex=None, packages_start=None, packages_end=None, allow_overriding=[], cmake_args=None, cmake_target=None, cmake_target_skip_unavailable=False, cmake_clean_cache=False, cmake_clean_first=False, cmake_force_configure=False, ament_cmake_args=None, catkin_cmake_args=None, catkin_skip_building_tests=False, verb_parser=<colcon_defaults.argument_parser.defaults.DefaultArgumentsDecorator object at 0x744abd883710>, verb_extension=<colcon_core.verb.build.BuildVerb object at 0x744abd9c8170>, main=<bound method BuildVerb.main of <colcon_core.verb.build.BuildVerb object at 0x744abd9c8170>>)
[0.279s] Level 1:colcon.colcon_core.package_discovery:discover_packages(colcon_meta) check parameters
[0.280s] Level 1:colcon.colcon_core.package_discovery:discover_packages(recursive) check parameters
[0.280s] Level 1:colcon.colcon_core.package_discovery:discover_packages(ignore) check parameters
[0.280s] Level 1:colcon.colcon_core.package_discovery:discover_packages(path) check parameters
[0.280s] Level 1:colcon.colcon_core.package_discovery:discover_packages(colcon_meta) discover
[0.280s] Level 1:colcon.colcon_core.package_discovery:discover_packages(recursive) discover
[0.280s] INFO:colcon.colcon_core.package_discovery:Crawling recursively for packages in '/home/jacob/Desktop/boxbot_ws'
[0.280s] Level 1:colcon.colcon_core.package_identification:_identify(.) by extensions ['ignore', 'ignore_ament_install']
[0.280s] Level 1:colcon.colcon_core.package_identification:_identify(.) by extension 'ignore'
[0.280s] Level 1:colcon.colcon_core.package_identification:_identify(.) by extension 'ignore_ament_install'
[0.280s] Level 1:colcon.colcon_core.package_identification:_identify(.) by extensions ['colcon_pkg']
[0.280s] Level 1:colcon.colcon_core.package_identification:_identify(.) by extension 'colcon_pkg'
[0.280s] Level 1:colcon.colcon_core.package_identification:_identify(.) by extensions ['colcon_meta']
[0.280s] Level 1:colcon.colcon_core.package_identification:_identify(.) by extension 'colcon_meta'
[0.280s] Level 1:colcon.colcon_core.package_identification:_identify(.) by extensions ['ros']
[0.280s] Level 1:colcon.colcon_core.package_identification:_identify(.) by extension 'ros'
[0.312s] Level 1:colcon.colcon_core.package_identification:_identify(.) by extensions ['cmake', 'python']
[0.312s] Level 1:colcon.colcon_core.package_identification:_identify(.) by extension 'cmake'
[0.312s] Level 1:colcon.colcon_core.package_identification:_identify(.) by extension 'python'
[0.312s] Level 1:colcon.colcon_core.package_identification:_identify(.) by extensions ['python_setup_py']
[0.312s] Level 1:colcon.colcon_core.package_identification:_identify(.) by extension 'python_setup_py'
[0.313s] Level 1:colcon.colcon_core.package_identification:_identify(build) by extensions ['ignore', 'ignore_ament_install']
[0.313s] Level 1:colcon.colcon_core.package_identification:_identify(build) by extension 'ignore'
[0.313s] Level 1:colcon.colcon_core.package_identification:_identify(build) ignored
[0.313s] Level 1:colcon.colcon_core.package_identification:_identify(install) by extensions ['ignore', 'ignore_ament_install']
[0.313s] Level 1:colcon.colcon_core.package_identification:_identify(install) by extension 'ignore'
[0.313s] Level 1:colcon.colcon_core.package_identification:_identify(install) ignored
[0.313s] Level 1:colcon.colcon_core.package_identification:_identify(log) by extensions ['ignore', 'ignore_ament_install']
[0.313s] Level 1:colcon.colcon_core.package_identification:_identify(log) by extension 'ignore'
[0.313s] Level 1:colcon.colcon_core.package_identification:_identify(log) ignored
[0.314s] Level 1:colcon.colcon_core.package_identification:_identify(src) by extensions ['ignore', 'ignore_ament_install']
[0.314s] Level 1:colcon.colcon_core.package_identification:_identify(src) by extension 'ignore'
[0.314s] Level 1:colcon.colcon_core.package_identification:_identify(src) by extension 'ignore_ament_install'
[0.314s] Level 1:colcon.colcon_core.package_identification:_identify(src) by extensions ['colcon_pkg']
[0.314s] Level 1:colcon.colcon_core.package_identification:_identify(src) by extension 'colcon_pkg'
[0.314s] Level 1:colcon.colcon_core.package_identification:_identify(src) by extensions ['colcon_meta']
[0.314s] Level 1:colcon.colcon_core.package_identification:_identify(src) by extension 'colcon_meta'
[0.314s] Level 1:colcon.colcon_core.package_identification:_identify(src) by extensions ['ros']
[0.314s] Level 1:colcon.colcon_core.package_identification:_identify(src) by extension 'ros'
[0.314s] Level 1:colcon.colcon_core.package_identification:_identify(src) by extensions ['cmake', 'python']
[0.314s] Level 1:colcon.colcon_core.package_identification:_identify(src) by extension 'cmake'
[0.314s] Level 1:colcon.colcon_core.package_identification:_identify(src) by extension 'python'
[0.314s] Level 1:colcon.colcon_core.package_identification:_identify(src) by extensions ['python_setup_py']
[0.314s] Level 1:colcon.colcon_core.package_identification:_identify(src) by extension 'python_setup_py'
[0.314s] Level 1:colcon.colcon_core.package_identification:_identify(src/boxbot_teleop) by extensions ['ignore', 'ignore_ament_install']
[0.314s] Level 1:colcon.colcon_core.package_identification:_identify(src/boxbot_teleop) by extension 'ignore'
[0.315s] Level 1:colcon.colcon_core.package_identification:_identify(src/boxbot_teleop) by extension 'ignore_ament_install'
[0.315s] Level 1:colcon.colcon_core.package_identification:_identify(src/boxbot_teleop) by extensions ['colcon_pkg']
[0.315s] Level 1:colcon.colcon_core.package_identification:_identify(src/boxbot_teleop) by extension 'colcon_pkg'
[0.315s] Level 1:colcon.colcon_core.package_identification:_identify(src/boxbot_teleop) by extensions ['colcon_meta']
[0.315s] Level 1:colcon.colcon_core.package_identification:_identify(src/boxbot_teleop) by extension 'colcon_meta'
[0.315s] Level 1:colcon.colcon_core.package_identification:_identify(src/boxbot_teleop) by extensions ['ros']
[0.315s] Level 1:colcon.colcon_core.package_identification:_identify(src/boxbot_teleop) by extension 'ros'
[0.320s] DEBUG:colcon.colcon_core.package_identification:Package 'src/boxbot_teleop' with type 'ros.ament_python' and name 'boxbot_teleop'
[0.321s] Level 1:colcon.colcon_core.package_identification:_identify(src/py_pubsub) by extensions ['ignore', 'ignore_ament_install']
[0.321s] Level 1:colcon.colcon_core.package_identification:_identify(src/py_pubsub) by extension 'ignore'
[0.321s] Level 1:colcon.colcon_core.package_identification:_identify(src/py_pubsub) by extension 'ignore_ament_install'
[0.321s] Level 1:colcon.colcon_core.package_identification:_identify(src/py_pubsub) by extensions ['colcon_pkg']
[0.321s] Level 1:colcon.colcon_core.package_identification:_identify(src/py_pubsub) by extension 'colcon_pkg'
[0.321s] Level 1:colcon.colcon_core.package_identification:_identify(src/py_pubsub) by extensions ['colcon_meta']
[0.321s] Level 1:colcon.colcon_core.package_identification:_identify(src/py_pubsub) by extension 'colcon_meta'
[0.321s] Level 1:colcon.colcon_core.package_identification:_identify(src/py_pubsub) by extensions ['ros']
[0.321s] Level 1:colcon.colcon_core.package_identification:_identify(src/py_pubsub) by extension 'ros'
[0.322s] DEBUG:colcon.colcon_core.package_identification:Package 'src/py_pubsub' with type 'ros.ament_python' and name 'py_pubsub'
[0.322s] Level 1:colcon.colcon_core.package_discovery:discover_packages(recursive) using defaults
[0.322s] Level 1:colcon.colcon_core.package_discovery:discover_packages(ignore) discover
[0.322s] Level 1:colcon.colcon_core.package_discovery:discover_packages(ignore) using defaults
[0.322s] Level 1:colcon.colcon_core.package_discovery:discover_packages(path) discover
[0.322s] Level 1:colcon.colcon_core.package_discovery:discover_packages(path) using defaults
[0.348s] Level 1:colcon.colcon_core.package_discovery:discover_packages(prefix_path) check parameters
[0.348s] Level 1:colcon.colcon_core.package_discovery:discover_packages(prefix_path) discover
[0.351s] DEBUG:colcon.colcon_installed_package_information.package_discovery:Found 2 installed packages in /home/jacob/Desktop/boxbot_ws/install
[0.352s] DEBUG:colcon.colcon_installed_package_information.package_discovery:Found 318 installed packages in /opt/ros/jazzy
[0.353s] Level 1:colcon.colcon_core.package_discovery:discover_packages(prefix_path) using defaults
[0.400s] Level 5:colcon.colcon_core.verb:set package 'boxbot_teleop' build argument 'cmake_args' from command line to 'None'
[0.400s] Level 5:colcon.colcon_core.verb:set package 'boxbot_teleop' build argument 'cmake_target' from command line to 'None'
[0.400s] Level 5:colcon.colcon_core.verb:set package 'boxbot_teleop' build argument 'cmake_target_skip_unavailable' from command line to 'False'
[0.400s] Level 5:colcon.colcon_core.verb:set package 'boxbot_teleop' build argument 'cmake_clean_cache' from command line to 'False'
[0.400s] Level 5:colcon.colcon_core.verb:set package 'boxbot_teleop' build argument 'cmake_clean_first' from command line to 'False'
[0.401s] Level 5:colcon.colcon_core.verb:set package 'boxbot_teleop' build argument 'cmake_force_configure' from command line to 'False'
[0.401s] Level 5:colcon.colcon_core.verb:set package 'boxbot_teleop' build argument 'ament_cmake_args' from command line to 'None'
[0.401s] Level 5:colcon.colcon_core.verb:set package 'boxbot_teleop' build argument 'catkin_cmake_args' from command line to 'None'
[0.401s] Level 5:colcon.colcon_core.verb:set package 'boxbot_teleop' build argument 'catkin_skip_building_tests' from command line to 'False'
[0.401s] DEBUG:colcon.colcon_core.verb:Building package 'boxbot_teleop' with the following arguments: {'ament_cmake_args': None, 'build_base': '/home/jacob/Desktop/boxbot_ws/build/boxbot_teleop', 'catkin_cmake_args': None, 'catkin_skip_building_tests': False, 'cmake_args': None, 'cmake_clean_cache': False, 'cmake_clean_first': False, 'cmake_force_configure': False, 'cmake_target': None, 'cmake_target_skip_unavailable': False, 'install_base': '/home/jacob/Desktop/boxbot_ws/install/boxbot_teleop', 'merge_install': False, 'path': '/home/jacob/Desktop/boxbot_ws/src/boxbot_teleop', 'symlink_install': False, 'test_result_base': None}
[0.401s] Level 5:colcon.colcon_core.verb:set package 'py_pubsub' build argument 'cmake_args' from command line to 'None'
[0.401s] Level 5:colcon.colcon_core.verb:set package 'py_pubsub' build argument 'cmake_target' from command line to 'None'
[0.401s] Level 5:colcon.colcon_core.verb:set package 'py_pubsub' build argument 'cmake_target_skip_unavailable' from command line to 'False'
[0.401s] Level 5:colcon.colcon_core.verb:set package 'py_pubsub' build argument 'cmake_clean_cache' from command line to 'False'
[0.401s] Level 5:colcon.colcon_core.verb:set package 'py_pubsub' build argument 'cmake_clean_first' from command line to 'False'
[0.401s] Level 5:colcon.colcon_core.verb:set package 'py_pubsub' build argument 'cmake_force_configure' from command line to 'False'
[0.401s] Level 5:colcon.colcon_core.verb:set package 'py_pubsub' build argument 'ament_cmake_args' from command line to 'None'
[0.401s] Level 5:colcon.colcon_core.verb:set package 'py_pubsub' build argument 'catkin_cmake_args' from command line to 'None'
[0.401s] Level 5:colcon.colcon_core.verb:set package 'py_pubsub' build argument 'catkin_skip_building_tests' from command line to 'False'
[0.401s] DEBUG:colcon.colcon_core.verb:Building package 'py_pubsub' with the following arguments: {'ament_cmake_args': None, 'build_base': '/home/jacob/Desktop/boxbot_ws/build/py_pubsub', 'catkin_cmake_args': None, 'catkin_skip_building_tests': False, 'cmake_args': None, 'cmake_clean_cache': False, 'cmake_clean_first': False, 'cmake_force_configure': False, 'cmake_target': None, 'cmake_target_skip_unavailable': False, 'install_base': '/home/jacob/Desktop/boxbot_ws/install/py_pubsub', 'merge_install': False, 'path': '/home/jacob/Desktop/boxbot_ws/src/py_pubsub', 'symlink_install': False, 'test_result_base': None}
[0.401s] INFO:colcon.colcon_core.executor:Executing jobs using 'parallel' executor
[0.403s] DEBUG:colcon.colcon_parallel_executor.executor.parallel:run_until_complete
[0.403s] INFO:colcon.colcon_ros.task.ament_python.build:Building ROS package in '/home/jacob/Desktop/boxbot_ws/src/boxbot_teleop' with build type 'ament_python'
[0.403s] Level 1:colcon.colcon_core.shell:create_environment_hook('boxbot_teleop', 'ament_prefix_path')
[0.407s] INFO:colcon.colcon_core.plugin_system:Skipping extension 'colcon_core.shell.bat': Not used on non-Windows systems
[0.407s] INFO:colcon.colcon_core.shell:Creating environment hook '/home/jacob/Desktop/boxbot_ws/install/boxbot_teleop/share/boxbot_teleop/hook/ament_prefix_path.ps1'
[0.408s] INFO:colcon.colcon_core.shell:Creating environment descriptor '/home/jacob/Desktop/boxbot_ws/install/boxbot_teleop/share/boxbot_teleop/hook/ament_prefix_path.dsv'
[0.408s] INFO:colcon.colcon_core.shell:Creating environment hook '/home/jacob/Desktop/boxbot_ws/install/boxbot_teleop/share/boxbot_teleop/hook/ament_prefix_path.sh'
[0.409s] INFO:colcon.colcon_core.shell:Skip shell extension 'powershell' for command environment: Not usable outside of PowerShell
[0.409s] DEBUG:colcon.colcon_core.shell:Skip shell extension 'dsv' for command environment
[0.413s] INFO:colcon.colcon_ros.task.ament_python.build:Building ROS package in '/home/jacob/Desktop/boxbot_ws/src/py_pubsub' with build type 'ament_python'
[0.413s] Level 1:colcon.colcon_core.shell:create_environment_hook('py_pubsub', 'ament_prefix_path')
[0.413s] INFO:colcon.colcon_core.shell:Creating environment hook '/home/jacob/Desktop/boxbot_ws/install/py_pubsub/share/py_pubsub/hook/ament_prefix_path.ps1'
[0.414s] INFO:colcon.colcon_core.shell:Creating environment descriptor '/home/jacob/Desktop/boxbot_ws/install/py_pubsub/share/py_pubsub/hook/ament_prefix_path.dsv'
[0.414s] INFO:colcon.colcon_core.shell:Creating environment hook '/home/jacob/Desktop/boxbot_ws/install/py_pubsub/share/py_pubsub/hook/ament_prefix_path.sh'
[0.415s] INFO:colcon.colcon_core.shell:Skip shell extension 'powershell' for command environment: Not usable outside of PowerShell
[0.415s] DEBUG:colcon.colcon_core.shell:Skip shell extension 'dsv' for command environment
[0.680s] INFO:colcon.colcon_core.task.python.build:Building Python package in '/home/jacob/Desktop/boxbot_ws/src/boxbot_teleop'
[0.680s] INFO:colcon.colcon_core.shell:Skip shell extension 'powershell' for command environment: Not usable outside of PowerShell
[0.680s] DEBUG:colcon.colcon_core.shell:Skip shell extension 'dsv' for command environment
[0.927s] INFO:colcon.colcon_core.task.python.build:Building Python package in '/home/jacob/Desktop/boxbot_ws/src/py_pubsub'
[0.927s] INFO:colcon.colcon_core.shell:Skip shell extension 'powershell' for command environment: Not usable outside of PowerShell
[0.928s] DEBUG:colcon.colcon_core.shell:Skip shell extension 'dsv' for command environment
[1.659s] DEBUG:colcon.colcon_core.event_handler.log_command:Invoking command in '/home/jacob/Desktop/boxbot_ws/src/boxbot_teleop': DEBUGINFOD_URLS=https://debuginfod.ubuntu.com PYTHONPATH=/home/jacob/Desktop/boxbot_ws/build/boxbot_teleop/prefix_override:/usr/lib/python3/dist-packages/colcon_core/task/python/colcon_distutils_commands:/home/jacob/Desktop/boxbot_ws/install/boxbot_teleop/lib/python3.12/site-packages:${PYTHONPATH} /usr/bin/python3 -W ignore:setup.py install is deprecated -W ignore:easy_install command is deprecated setup.py egg_info --egg-base ../../build/boxbot_teleop build --build-base /home/jacob/Desktop/boxbot_ws/build/boxbot_teleop/build install --record /home/jacob/Desktop/boxbot_ws/build/boxbot_teleop/install.log --single-version-externally-managed install_data
[1.665s] DEBUG:colcon.colcon_core.event_handler.log_command:Invoking command in '/home/jacob/Desktop/boxbot_ws/src/py_pubsub': DEBUGINFOD_URLS=https://debuginfod.ubuntu.com PYTHONPATH=/home/jacob/Desktop/boxbot_ws/build/py_pubsub/prefix_override:/usr/lib/python3/dist-packages/colcon_core/task/python/colcon_distutils_commands:/home/jacob/Desktop/boxbot_ws/install/py_pubsub/lib/python3.12/site-packages:${PYTHONPATH} /usr/bin/python3 -W ignore:setup.py install is deprecated -W ignore:easy_install command is deprecated setup.py egg_info --egg-base ../../build/py_pubsub build --build-base /home/jacob/Desktop/boxbot_ws/build/py_pubsub/build install --record /home/jacob/Desktop/boxbot_ws/build/py_pubsub/install.log --single-version-externally-managed install_data
[2.194s] DEBUG:colcon.colcon_core.event_handler.log_command:Invoked command in '/home/jacob/Desktop/boxbot_ws/src/py_pubsub' returned '0': DEBUGINFOD_URLS=https://debuginfod.ubuntu.com PYTHONPATH=/home/jacob/Desktop/boxbot_ws/build/py_pubsub/prefix_override:/usr/lib/python3/dist-packages/colcon_core/task/python/colcon_distutils_commands:/home/jacob/Desktop/boxbot_ws/install/py_pubsub/lib/python3.12/site-packages:${PYTHONPATH} /usr/bin/python3 -W ignore:setup.py install is deprecated -W ignore:easy_install command is deprecated setup.py egg_info --egg-base ../../build/py_pubsub build --build-base /home/jacob/Desktop/boxbot_ws/build/py_pubsub/build install --record /home/jacob/Desktop/boxbot_ws/build/py_pubsub/install.log --single-version-externally-managed install_data
[2.198s] Level 1:colcon.colcon_core.environment:checking '/home/jacob/Desktop/boxbot_ws/install/py_pubsub' for CMake module files
[2.199s] Level 1:colcon.colcon_core.environment:checking '/home/jacob/Desktop/boxbot_ws/install/py_pubsub' for CMake config files
[2.200s] Level 1:colcon.colcon_core.environment:checking '/home/jacob/Desktop/boxbot_ws/install/py_pubsub/lib'
[2.200s] Level 1:colcon.colcon_core.environment:checking '/home/jacob/Desktop/boxbot_ws/install/py_pubsub/bin'
[2.200s] Level 1:colcon.colcon_core.environment:checking '/home/jacob/Desktop/boxbot_ws/install/py_pubsub/lib/pkgconfig/py_pubsub.pc'
[2.201s] Level 1:colcon.colcon_core.environment:checking '/home/jacob/Desktop/boxbot_ws/install/py_pubsub/lib/python3.12/site-packages'
[2.201s] Level 1:colcon.colcon_core.shell:create_environment_hook('py_pubsub', 'pythonpath')
[2.201s] INFO:colcon.colcon_core.shell:Creating environment hook '/home/jacob/Desktop/boxbot_ws/install/py_pubsub/share/py_pubsub/hook/pythonpath.ps1'
[2.202s] INFO:colcon.colcon_core.shell:Creating environment descriptor '/home/jacob/Desktop/boxbot_ws/install/py_pubsub/share/py_pubsub/hook/pythonpath.dsv'
[2.202s] INFO:colcon.colcon_core.shell:Creating environment hook '/home/jacob/Desktop/boxbot_ws/install/py_pubsub/share/py_pubsub/hook/pythonpath.sh'
[2.203s] Level 1:colcon.colcon_core.environment:checking '/home/jacob/Desktop/boxbot_ws/install/py_pubsub/bin'
[2.204s] Level 1:colcon.colcon_core.environment:create_environment_scripts_only(py_pubsub)
[2.204s] INFO:colcon.colcon_core.shell:Creating package script '/home/jacob/Desktop/boxbot_ws/install/py_pubsub/share/py_pubsub/package.ps1'
[2.205s] INFO:colcon.colcon_core.shell:Creating package descriptor '/home/jacob/Desktop/boxbot_ws/install/py_pubsub/share/py_pubsub/package.dsv'
[2.206s] INFO:colcon.colcon_core.shell:Creating package script '/home/jacob/Desktop/boxbot_ws/install/py_pubsub/share/py_pubsub/package.sh'
[2.207s] INFO:colcon.colcon_core.shell:Creating package script '/home/jacob/Desktop/boxbot_ws/install/py_pubsub/share/py_pubsub/package.bash'
[2.208s] INFO:colcon.colcon_core.shell:Creating package script '/home/jacob/Desktop/boxbot_ws/install/py_pubsub/share/py_pubsub/package.zsh'
[2.209s] Level 1:colcon.colcon_core.environment:create_file_with_runtime_dependencies(/home/jacob/Desktop/boxbot_ws/install/py_pubsub/share/colcon-core/packages/py_pubsub)
[2.211s] Level 1:colcon.colcon_core.environment:checking '/home/jacob/Desktop/boxbot_ws/install/boxbot_teleop' for CMake module files
[2.212s] DEBUG:colcon.colcon_core.event_handler.log_command:Invoked command in '/home/jacob/Desktop/boxbot_ws/src/boxbot_teleop' returned '0': DEBUGINFOD_URLS=https://debuginfod.ubuntu.com PYTHONPATH=/home/jacob/Desktop/boxbot_ws/build/boxbot_teleop/prefix_override:/usr/lib/python3/dist-packages/colcon_core/task/python/colcon_distutils_commands:/home/jacob/Desktop/boxbot_ws/install/boxbot_teleop/lib/python3.12/site-packages:${PYTHONPATH} /usr/bin/python3 -W ignore:setup.py install is deprecated -W ignore:easy_install command is deprecated setup.py egg_info --egg-base ../../build/boxbot_teleop build --build-base /home/jacob/Desktop/boxbot_ws/build/boxbot_teleop/build install --record /home/jacob/Desktop/boxbot_ws/build/boxbot_teleop/install.log --single-version-externally-managed install_data
[2.212s] Level 1:colcon.colcon_core.environment:checking '/home/jacob/Desktop/boxbot_ws/install/boxbot_teleop' for CMake config files
[2.213s] Level 1:colcon.colcon_core.environment:checking '/home/jacob/Desktop/boxbot_ws/install/boxbot_teleop/lib'
[2.213s] Level 1:colcon.colcon_core.environment:checking '/home/jacob/Desktop/boxbot_ws/install/boxbot_teleop/bin'
[2.213s] Level 1:colcon.colcon_core.environment:checking '/home/jacob/Desktop/boxbot_ws/install/boxbot_teleop/lib/pkgconfig/boxbot_teleop.pc'
[2.213s] Level 1:colcon.colcon_core.environment:checking '/home/jacob/Desktop/boxbot_ws/install/boxbot_teleop/lib/python3.12/site-packages'
[2.214s] Level 1:colcon.colcon_core.shell:create_environment_hook('boxbot_teleop', 'pythonpath')
[2.214s] INFO:colcon.colcon_core.shell:Creating environment hook '/home/jacob/Desktop/boxbot_ws/install/boxbot_teleop/share/boxbot_teleop/hook/pythonpath.ps1'
[2.214s] INFO:colcon.colcon_core.shell:Creating environment descriptor '/home/jacob/Desktop/boxbot_ws/install/boxbot_teleop/share/boxbot_teleop/hook/pythonpath.dsv'
[2.215s] INFO:colcon.colcon_core.shell:Creating environment hook '/home/jacob/Desktop/boxbot_ws/install/boxbot_teleop/share/boxbot_teleop/hook/pythonpath.sh'
[2.216s] Level 1:colcon.colcon_core.environment:checking '/home/jacob/Desktop/boxbot_ws/install/boxbot_teleop/bin'
[2.216s] Level 1:colcon.colcon_core.environment:create_environment_scripts_only(boxbot_teleop)
[2.216s] INFO:colcon.colcon_core.shell:Creating package script '/home/jacob/Desktop/boxbot_ws/install/boxbot_teleop/share/boxbot_teleop/package.ps1'
[2.217s] INFO:colcon.colcon_core.shell:Creating package descriptor '/home/jacob/Desktop/boxbot_ws/install/boxbot_teleop/share/boxbot_teleop/package.dsv'
[2.217s] INFO:colcon.colcon_core.shell:Creating package script '/home/jacob/Desktop/boxbot_ws/install/boxbot_teleop/share/boxbot_teleop/package.sh'
[2.218s] INFO:colcon.colcon_core.shell:Creating package script '/home/jacob/Desktop/boxbot_ws/install/boxbot_teleop/share/boxbot_teleop/package.bash'
[2.218s] INFO:colcon.colcon_core.shell:Creating package script '/home/jacob/Desktop/boxbot_ws/install/boxbot_teleop/share/boxbot_teleop/package.zsh'
[2.218s] Level 1:colcon.colcon_core.environment:create_file_with_runtime_dependencies(/home/jacob/Desktop/boxbot_ws/install/boxbot_teleop/share/colcon-core/packages/boxbot_teleop)
[2.219s] DEBUG:colcon.colcon_parallel_executor.executor.parallel:closing loop
[2.219s] DEBUG:colcon.colcon_parallel_executor.executor.parallel:loop closed
[2.219s] DEBUG:colcon.colcon_parallel_executor.executor.parallel:run_until_complete finished with '0'
[2.219s] DEBUG:colcon.colcon_core.event_reactor:joining thread
[2.229s] INFO:colcon.colcon_core.plugin_system:Skipping extension 'colcon_notification.desktop_notification.terminal_notifier': Not used on non-Darwin systems
[2.229s] INFO:colcon.colcon_core.plugin_system:Skipping extension 'colcon_notification.desktop_notification.win32': Not used on non-Windows systems
[2.229s] INFO:colcon.colcon_notification.desktop_notification:Sending desktop notification using 'notify2'
[2.264s] DEBUG:colcon.colcon_core.event_reactor:joined thread
[2.264s] INFO:colcon.colcon_core.shell:Creating prefix script '/home/jacob/Desktop/boxbot_ws/install/local_setup.ps1'
[2.266s] INFO:colcon.colcon_core.shell:Creating prefix util module '/home/jacob/Desktop/boxbot_ws/install/_local_setup_util_ps1.py'
[2.268s] INFO:colcon.colcon_core.shell:Creating prefix chain script '/home/jacob/Desktop/boxbot_ws/install/setup.ps1'
[2.269s] INFO:colcon.colcon_core.shell:Creating prefix script '/home/jacob/Desktop/boxbot_ws/install/local_setup.sh'
[2.270s] INFO:colcon.colcon_core.shell:Creating prefix util module '/home/jacob/Desktop/boxbot_ws/install/_local_setup_util_sh.py'
[2.271s] INFO:colcon.colcon_core.shell:Creating prefix chain script '/home/jacob/Desktop/boxbot_ws/install/setup.sh'
[2.273s] INFO:colcon.colcon_core.shell:Creating prefix script '/home/jacob/Desktop/boxbot_ws/install/local_setup.bash'
[2.274s] INFO:colcon.colcon_core.shell:Creating prefix chain script '/home/jacob/Desktop/boxbot_ws/install/setup.bash'
[2.275s] INFO:colcon.colcon_core.shell:Creating prefix script '/home/jacob/Desktop/boxbot_ws/install/local_setup.zsh'
[2.276s] INFO:colcon.colcon_core.shell:Creating prefix chain script '/home/jacob/Desktop/boxbot_ws/install/setup.zsh'
