[2.051s] DEBUG:colcon:Command line arguments: ['/home/boxbot/venv/bin/colcon', 'build', '--symlink-install']
[2.051s] DEBUG:colcon:Parsed command line arguments: Namespace(log_base=None, log_level=None, verb_name='build', build_base='build', install_base='install', merge_install=False, symlink_install=True, test_result_base=None, continue_on_error=False, executor='parallel', parallel_workers=4, event_handlers=None, ignore_user_meta=False, metas=['./colcon.meta'], base_paths=['.'], packages_ignore=None, packages_ignore_regex=None, paths=None, packages_up_to=None, packages_up_to_regex=None, packages_above=None, packages_above_and_dependencies=None, packages_above_depth=None, packages_select_by_dep=None, packages_skip_by_dep=None, packages_skip_up_to=None, packages_select_build_failed=False, packages_skip_build_finished=False, packages_select_test_failures=False, packages_skip_test_passed=False, packages_select=None, packages_skip=None, packages_select_regex=None, packages_skip_regex=None, packages_start=None, packages_end=None, cmake_args=None, cmake_target=None, cmake_target_skip_unavailable=False, cmake_clean_cache=False, cmake_clean_first=False, cmake_force_configure=False, ament_cmake_args=None, catkin_cmake_args=None, catkin_skip_building_tests=False, verb_parser=<colcon_defaults.argument_parser.defaults.DefaultArgumentsDecorator object at 0xffffbd8986b0>, verb_extension=<colcon_core.verb.build.BuildVerb object at 0xffffbda6cfe0>, main=<bound method BuildVerb.main of <colcon_core.verb.build.BuildVerb object at 0xffffbda6cfe0>>)
[2.582s] Level 1:colcon.colcon_core.package_discovery:discover_packages(colcon_meta) check parameters
[2.583s] Level 1:colcon.colcon_core.package_discovery:discover_packages(recursive) check parameters
[2.583s] Level 1:colcon.colcon_core.package_discovery:discover_packages(ignore) check parameters
[2.583s] Level 1:colcon.colcon_core.package_discovery:discover_packages(path) check parameters
[2.583s] Level 1:colcon.colcon_core.package_discovery:discover_packages(colcon_meta) discover
[2.584s] Level 1:colcon.colcon_core.package_discovery:discover_packages(recursive) discover
[2.584s] INFO:colcon.colcon_core.package_discovery:Crawling recursively for packages in '/home/boxbot/boxbot_ws'
[2.585s] Level 1:colcon.colcon_core.package_identification:_identify(.) by extensions ['ignore', 'ignore_ament_install']
[2.587s] Level 1:colcon.colcon_core.package_identification:_identify(.) by extension 'ignore'
[2.588s] Level 1:colcon.colcon_core.package_identification:_identify(.) by extension 'ignore_ament_install'
[2.589s] Level 1:colcon.colcon_core.package_identification:_identify(.) by extensions ['colcon_pkg']
[2.589s] Level 1:colcon.colcon_core.package_identification:_identify(.) by extension 'colcon_pkg'
[2.590s] Level 1:colcon.colcon_core.package_identification:_identify(.) by extensions ['colcon_meta']
[2.590s] Level 1:colcon.colcon_core.package_identification:_identify(.) by extension 'colcon_meta'
[2.591s] Level 1:colcon.colcon_core.package_identification:_identify(.) by extensions ['ros']
[2.591s] Level 1:colcon.colcon_core.package_identification:_identify(.) by extension 'ros'
[2.865s] Level 1:colcon.colcon_core.package_identification:_identify(.) by extensions ['cmake', 'python']
[2.866s] Level 1:colcon.colcon_core.package_identification:_identify(.) by extension 'cmake'
[2.867s] Level 1:colcon.colcon_core.package_identification:_identify(.) by extension 'python'
[2.868s] Level 1:colcon.colcon_core.package_identification:_identify(.) by extensions ['python_setup_py']
[2.868s] Level 1:colcon.colcon_core.package_identification:_identify(.) by extension 'python_setup_py'
[2.869s] Level 1:colcon.colcon_core.package_identification:_identify(build) by extensions ['ignore', 'ignore_ament_install']
[2.870s] Level 1:colcon.colcon_core.package_identification:_identify(build) by extension 'ignore'
[2.871s] Level 1:colcon.colcon_core.package_identification:_identify(build) ignored
[2.872s] Level 1:colcon.colcon_core.package_identification:_identify(install) by extensions ['ignore', 'ignore_ament_install']
[2.873s] Level 1:colcon.colcon_core.package_identification:_identify(install) by extension 'ignore'
[2.874s] Level 1:colcon.colcon_core.package_identification:_identify(install) ignored
[2.875s] Level 1:colcon.colcon_core.package_identification:_identify(log) by extensions ['ignore', 'ignore_ament_install']
[2.876s] Level 1:colcon.colcon_core.package_identification:_identify(log) by extension 'ignore'
[2.876s] Level 1:colcon.colcon_core.package_identification:_identify(log) ignored
[2.877s] Level 1:colcon.colcon_core.package_identification:_identify(src) by extensions ['ignore', 'ignore_ament_install']
[2.878s] Level 1:colcon.colcon_core.package_identification:_identify(src) by extension 'ignore'
[2.879s] Level 1:colcon.colcon_core.package_identification:_identify(src) by extension 'ignore_ament_install'
[2.879s] Level 1:colcon.colcon_core.package_identification:_identify(src) by extensions ['colcon_pkg']
[2.880s] Level 1:colcon.colcon_core.package_identification:_identify(src) by extension 'colcon_pkg'
[2.880s] Level 1:colcon.colcon_core.package_identification:_identify(src) by extensions ['colcon_meta']
[2.881s] Level 1:colcon.colcon_core.package_identification:_identify(src) by extension 'colcon_meta'
[2.882s] Level 1:colcon.colcon_core.package_identification:_identify(src) by extensions ['ros']
[2.882s] Level 1:colcon.colcon_core.package_identification:_identify(src) by extension 'ros'
[2.883s] Level 1:colcon.colcon_core.package_identification:_identify(src) by extensions ['cmake', 'python']
[2.884s] Level 1:colcon.colcon_core.package_identification:_identify(src) by extension 'cmake'
[2.884s] Level 1:colcon.colcon_core.package_identification:_identify(src) by extension 'python'
[2.885s] Level 1:colcon.colcon_core.package_identification:_identify(src) by extensions ['python_setup_py']
[2.885s] Level 1:colcon.colcon_core.package_identification:_identify(src) by extension 'python_setup_py'
[2.886s] Level 1:colcon.colcon_core.package_identification:_identify(src/boxbot_main) by extensions ['ignore', 'ignore_ament_install']
[2.887s] Level 1:colcon.colcon_core.package_identification:_identify(src/boxbot_main) by extension 'ignore'
[2.888s] Level 1:colcon.colcon_core.package_identification:_identify(src/boxbot_main) by extension 'ignore_ament_install'
[2.888s] Level 1:colcon.colcon_core.package_identification:_identify(src/boxbot_main) by extensions ['colcon_pkg']
[2.889s] Level 1:colcon.colcon_core.package_identification:_identify(src/boxbot_main) by extension 'colcon_pkg'
[2.889s] Level 1:colcon.colcon_core.package_identification:_identify(src/boxbot_main) by extensions ['colcon_meta']
[2.890s] Level 1:colcon.colcon_core.package_identification:_identify(src/boxbot_main) by extension 'colcon_meta'
[2.890s] Level 1:colcon.colcon_core.package_identification:_identify(src/boxbot_main) by extensions ['ros']
[2.890s] Level 1:colcon.colcon_core.package_identification:_identify(src/boxbot_main) by extension 'ros'
[2.909s] DEBUG:colcon.colcon_core.package_identification:Package 'src/boxbot_main' with type 'ros.ament_python' and name 'boxbot_main'
[2.910s] Level 1:colcon.colcon_core.package_discovery:discover_packages(recursive) using defaults
[2.910s] Level 1:colcon.colcon_core.package_discovery:discover_packages(ignore) discover
[2.911s] Level 1:colcon.colcon_core.package_discovery:discover_packages(ignore) using defaults
[2.911s] Level 1:colcon.colcon_core.package_discovery:discover_packages(path) discover
[2.911s] Level 1:colcon.colcon_core.package_discovery:discover_packages(path) using defaults
[3.115s] Level 5:colcon.colcon_core.verb:set package 'boxbot_main' build argument 'cmake_args' from command line to 'None'
[3.115s] Level 5:colcon.colcon_core.verb:set package 'boxbot_main' build argument 'cmake_target' from command line to 'None'
[3.116s] Level 5:colcon.colcon_core.verb:set package 'boxbot_main' build argument 'cmake_target_skip_unavailable' from command line to 'False'
[3.116s] Level 5:colcon.colcon_core.verb:set package 'boxbot_main' build argument 'cmake_clean_cache' from command line to 'False'
[3.118s] Level 5:colcon.colcon_core.verb:set package 'boxbot_main' build argument 'cmake_clean_first' from command line to 'False'
[3.119s] Level 5:colcon.colcon_core.verb:set package 'boxbot_main' build argument 'cmake_force_configure' from command line to 'False'
[3.120s] Level 5:colcon.colcon_core.verb:set package 'boxbot_main' build argument 'ament_cmake_args' from command line to 'None'
[3.121s] Level 5:colcon.colcon_core.verb:set package 'boxbot_main' build argument 'catkin_cmake_args' from command line to 'None'
[3.121s] Level 5:colcon.colcon_core.verb:set package 'boxbot_main' build argument 'catkin_skip_building_tests' from command line to 'False'
[3.123s] DEBUG:colcon.colcon_core.verb:Building package 'boxbot_main' with the following arguments: {'ament_cmake_args': None, 'build_base': '/home/boxbot/boxbot_ws/build/boxbot_main', 'catkin_cmake_args': None, 'catkin_skip_building_tests': False, 'cmake_args': None, 'cmake_clean_cache': False, 'cmake_clean_first': False, 'cmake_force_configure': False, 'cmake_target': None, 'cmake_target_skip_unavailable': False, 'install_base': '/home/boxbot/boxbot_ws/install/boxbot_main', 'merge_install': False, 'path': '/home/boxbot/boxbot_ws/src/boxbot_main', 'symlink_install': True, 'test_result_base': None}
[3.125s] INFO:colcon.colcon_core.executor:Executing jobs using 'parallel' executor
[3.137s] DEBUG:colcon.colcon_parallel_executor.executor.parallel:run_until_complete
[3.139s] INFO:colcon.colcon_ros.task.ament_python.build:Building ROS package in '/home/boxbot/boxbot_ws/src/boxbot_main' with build type 'ament_python'
[3.145s] Level 1:colcon.colcon_core.shell:create_environment_hook('boxbot_main', 'ament_prefix_path')
[3.186s] INFO:colcon.colcon_core.plugin_system:Skipping extension 'colcon_core.shell.bat': Not used on non-Windows systems
[3.189s] INFO:colcon.colcon_core.shell:Creating environment hook '/home/boxbot/boxbot_ws/install/boxbot_main/share/boxbot_main/hook/ament_prefix_path.ps1'
[3.200s] INFO:colcon.colcon_core.shell:Creating environment descriptor '/home/boxbot/boxbot_ws/install/boxbot_main/share/boxbot_main/hook/ament_prefix_path.dsv'
[3.207s] INFO:colcon.colcon_core.shell:Creating environment hook '/home/boxbot/boxbot_ws/install/boxbot_main/share/boxbot_main/hook/ament_prefix_path.sh'
[3.216s] INFO:colcon.colcon_core.shell:Skip shell extension 'powershell' for command environment: Not usable outside of PowerShell
[3.216s] DEBUG:colcon.colcon_core.shell:Skip shell extension 'dsv' for command environment
[4.970s] INFO:colcon.colcon_core.task.python.build:Building Python package in '/home/boxbot/boxbot_ws/src/boxbot_main'
[4.971s] INFO:colcon.colcon_core.shell:Skip shell extension 'powershell' for command environment: Not usable outside of PowerShell
[4.971s] DEBUG:colcon.colcon_core.shell:Skip shell extension 'dsv' for command environment
[8.050s] DEBUG:colcon.colcon_core.event_handler.log_command:Invoking command in '/home/boxbot/boxbot_ws/build/boxbot_main': PS1=(venv) PYTHONPATH=/home/boxbot/boxbot_ws/build/boxbot_main/prefix_override:/home/boxbot/venv/lib/python3.12/site-packages/colcon_core/task/python/colcon_distutils_commands:/home/boxbot/boxbot_ws/install/boxbot_main/lib/python3.12/site-packages:${PYTHONPATH} VIRTUAL_ENV_PROMPT=(venv) /home/boxbot/venv/bin/python3 -W ignore:setup.py install is deprecated -W ignore:easy_install command is deprecated setup.py develop --editable --build-directory /home/boxbot/boxbot_ws/build/boxbot_main/build --no-deps symlink_data
[10.892s] Level 1:colcon.colcon_core.shell:create_environment_hook('boxbot_main', 'pythonpath_develop')
[10.893s] INFO:colcon.colcon_core.shell:Creating environment hook '/home/boxbot/boxbot_ws/build/boxbot_main/share/boxbot_main/hook/pythonpath_develop.ps1'
[10.895s] DEBUG:colcon.colcon_core.event_handler.log_command:Invoked command in '/home/boxbot/boxbot_ws/build/boxbot_main' returned '0': PS1=(venv) PYTHONPATH=/home/boxbot/boxbot_ws/build/boxbot_main/prefix_override:/home/boxbot/venv/lib/python3.12/site-packages/colcon_core/task/python/colcon_distutils_commands:/home/boxbot/boxbot_ws/install/boxbot_main/lib/python3.12/site-packages:${PYTHONPATH} VIRTUAL_ENV_PROMPT=(venv) /home/boxbot/venv/bin/python3 -W ignore:setup.py install is deprecated -W ignore:easy_install command is deprecated setup.py develop --editable --build-directory /home/boxbot/boxbot_ws/build/boxbot_main/build --no-deps symlink_data
[10.897s] INFO:colcon.colcon_core.shell:Creating environment descriptor '/home/boxbot/boxbot_ws/build/boxbot_main/share/boxbot_main/hook/pythonpath_develop.dsv'
[10.902s] INFO:colcon.colcon_core.shell:Creating environment hook '/home/boxbot/boxbot_ws/build/boxbot_main/share/boxbot_main/hook/pythonpath_develop.sh'
[10.936s] Level 1:colcon.colcon_core.environment:checking '/home/boxbot/boxbot_ws/install/boxbot_main' for CMake module files
[10.940s] Level 1:colcon.colcon_core.environment:checking '/home/boxbot/boxbot_ws/install/boxbot_main' for CMake config files
[10.945s] Level 1:colcon.colcon_core.environment:checking '/home/boxbot/boxbot_ws/install/boxbot_main/lib'
[10.946s] Level 1:colcon.colcon_core.environment:checking '/home/boxbot/boxbot_ws/install/boxbot_main/bin'
[10.947s] Level 1:colcon.colcon_core.environment:checking '/home/boxbot/boxbot_ws/install/boxbot_main/lib/pkgconfig/boxbot_main.pc'
[10.948s] Level 1:colcon.colcon_core.environment:checking '/home/boxbot/boxbot_ws/install/boxbot_main/lib/python3.12/site-packages'
[10.949s] Level 1:colcon.colcon_core.shell:create_environment_hook('boxbot_main', 'pythonpath')
[10.949s] INFO:colcon.colcon_core.shell:Creating environment hook '/home/boxbot/boxbot_ws/install/boxbot_main/share/boxbot_main/hook/pythonpath.ps1'
[10.952s] INFO:colcon.colcon_core.shell:Creating environment descriptor '/home/boxbot/boxbot_ws/install/boxbot_main/share/boxbot_main/hook/pythonpath.dsv'
[10.956s] INFO:colcon.colcon_core.shell:Creating environment hook '/home/boxbot/boxbot_ws/install/boxbot_main/share/boxbot_main/hook/pythonpath.sh'
[10.960s] Level 1:colcon.colcon_core.environment:checking '/home/boxbot/boxbot_ws/install/boxbot_main/bin'
[10.961s] Level 1:colcon.colcon_core.environment:create_environment_scripts_only(boxbot_main)
[10.962s] INFO:colcon.colcon_core.shell:Creating package script '/home/boxbot/boxbot_ws/install/boxbot_main/share/boxbot_main/package.ps1'
[10.969s] INFO:colcon.colcon_core.shell:Creating package descriptor '/home/boxbot/boxbot_ws/install/boxbot_main/share/boxbot_main/package.dsv'
[10.975s] INFO:colcon.colcon_core.shell:Creating package script '/home/boxbot/boxbot_ws/install/boxbot_main/share/boxbot_main/package.sh'
[10.981s] INFO:colcon.colcon_core.shell:Creating package script '/home/boxbot/boxbot_ws/install/boxbot_main/share/boxbot_main/package.bash'
[10.988s] INFO:colcon.colcon_core.shell:Creating package script '/home/boxbot/boxbot_ws/install/boxbot_main/share/boxbot_main/package.zsh'
[10.994s] Level 1:colcon.colcon_core.environment:create_file_with_runtime_dependencies(/home/boxbot/boxbot_ws/install/boxbot_main/share/colcon-core/packages/boxbot_main)
[10.996s] DEBUG:colcon.colcon_parallel_executor.executor.parallel:closing loop
[10.998s] DEBUG:colcon.colcon_parallel_executor.executor.parallel:loop closed
[10.999s] DEBUG:colcon.colcon_parallel_executor.executor.parallel:run_until_complete finished with '0'
[10.999s] DEBUG:colcon.colcon_core.event_reactor:joining thread
[11.018s] INFO:colcon.colcon_core.plugin_system:Skipping extension 'colcon_notification.desktop_notification.notify2': 'notify2' not found
[11.019s] INFO:colcon.colcon_core.plugin_system:Skipping extension 'colcon_notification.desktop_notification.terminal_notifier': Not used on non-Darwin systems
[11.020s] INFO:colcon.colcon_core.plugin_system:Skipping extension 'colcon_notification.desktop_notification.win32': Not used on non-Windows systems
[11.020s] INFO:colcon.colcon_notification.desktop_notification:Sending desktop notification using 'notify_send'
[11.052s] DEBUG:colcon.colcon_core.event_reactor:joined thread
[11.053s] INFO:colcon.colcon_core.shell:Creating prefix script '/home/boxbot/boxbot_ws/install/local_setup.ps1'
[11.063s] INFO:colcon.colcon_core.shell:Creating prefix util module '/home/boxbot/boxbot_ws/install/_local_setup_util_ps1.py'
[11.074s] INFO:colcon.colcon_core.shell:Creating prefix chain script '/home/boxbot/boxbot_ws/install/setup.ps1'
[11.082s] INFO:colcon.colcon_core.shell:Creating prefix script '/home/boxbot/boxbot_ws/install/local_setup.sh'
[11.086s] INFO:colcon.colcon_core.shell:Creating prefix util module '/home/boxbot/boxbot_ws/install/_local_setup_util_sh.py'
[11.090s] INFO:colcon.colcon_core.shell:Creating prefix chain script '/home/boxbot/boxbot_ws/install/setup.sh'
[11.097s] INFO:colcon.colcon_core.shell:Creating prefix script '/home/boxbot/boxbot_ws/install/local_setup.bash'
[11.102s] INFO:colcon.colcon_core.shell:Creating prefix chain script '/home/boxbot/boxbot_ws/install/setup.bash'
[11.108s] INFO:colcon.colcon_core.shell:Creating prefix script '/home/boxbot/boxbot_ws/install/local_setup.zsh'
[11.112s] INFO:colcon.colcon_core.shell:Creating prefix chain script '/home/boxbot/boxbot_ws/install/setup.zsh'
