[1.258s] Invoking command in '/home/jacob/Desktop/boxbot_ws/src/py_pubsub': DEBUGINFOD_URLS=https://debuginfod.ubuntu.com PYTHONPATH=/home/jacob/Desktop/boxbot_ws/build/py_pubsub/prefix_override:/usr/lib/python3/dist-packages/colcon_core/task/python/colcon_distutils_commands:/home/jacob/Desktop/boxbot_ws/install/py_pubsub/lib/python3.12/site-packages:${PYTHONPATH} /usr/bin/python3 -W ignore:setup.py install is deprecated -W ignore:easy_install command is deprecated setup.py egg_info --egg-base ../../build/py_pubsub build --build-base /home/jacob/Desktop/boxbot_ws/build/py_pubsub/build install --record /home/jacob/Desktop/boxbot_ws/build/py_pubsub/install.log --single-version-externally-managed install_data
[1.527s] running egg_info
[1.542s] writing ../../build/py_pubsub/py_pubsub.egg-info/PKG-INFO
[1.542s] writing dependency_links to ../../build/py_pubsub/py_pubsub.egg-info/dependency_links.txt
[1.542s] writing entry points to ../../build/py_pubsub/py_pubsub.egg-info/entry_points.txt
[1.543s] writing requirements to ../../build/py_pubsub/py_pubsub.egg-info/requires.txt
[1.543s] writing top-level names to ../../build/py_pubsub/py_pubsub.egg-info/top_level.txt
[1.570s] reading manifest file '../../build/py_pubsub/py_pubsub.egg-info/SOURCES.txt'
[1.571s] adding license file 'LICENSE'
[1.572s] writing manifest file '../../build/py_pubsub/py_pubsub.egg-info/SOURCES.txt'
[1.572s] running build
[1.572s] running build_py
[1.572s] running install
[1.577s] running install_lib
[1.589s] running install_data
[1.589s] running install_egg_info
[1.601s] removing '/home/jacob/Desktop/boxbot_ws/install/py_pubsub/lib/python3.12/site-packages/py_pubsub-0.0.0-py3.12.egg-info' (and everything under it)
[1.601s] Copying ../../build/py_pubsub/py_pubsub.egg-info to /home/jacob/Desktop/boxbot_ws/install/py_pubsub/lib/python3.12/site-packages/py_pubsub-0.0.0-py3.12.egg-info
[1.602s] running install_scripts
[1.682s] Installing listener script to /home/jacob/Desktop/boxbot_ws/install/py_pubsub/lib/py_pubsub
[1.682s] Installing talker script to /home/jacob/Desktop/boxbot_ws/install/py_pubsub/lib/py_pubsub
[1.683s] writing list of installed files to '/home/jacob/Desktop/boxbot_ws/build/py_pubsub/install.log'
[1.703s] Invoked command in '/home/jacob/Desktop/boxbot_ws/src/py_pubsub' returned '0': DEBUGINFOD_URLS=https://debuginfod.ubuntu.com PYTHONPATH=/home/jacob/Desktop/boxbot_ws/build/py_pubsub/prefix_override:/usr/lib/python3/dist-packages/colcon_core/task/python/colcon_distutils_commands:/home/jacob/Desktop/boxbot_ws/install/py_pubsub/lib/python3.12/site-packages:${PYTHONPATH} /usr/bin/python3 -W ignore:setup.py install is deprecated -W ignore:easy_install command is deprecated setup.py egg_info --egg-base ../../build/py_pubsub build --build-base /home/jacob/Desktop/boxbot_ws/build/py_pubsub/build install --record /home/jacob/Desktop/boxbot_ws/build/py_pubsub/install.log --single-version-externally-managed install_data
