[0.582s] Invoking command in '/home/jacob/Desktop/boxbot_ws/src/boxbot_teleop': DEBUGINFOD_URLS=https://debuginfod.ubuntu.com PYTHONPATH=/home/jacob/Desktop/boxbot_ws/build/boxbot_teleop/prefix_override:/usr/lib/python3/dist-packages/colcon_core/task/python/colcon_distutils_commands:/home/jacob/Desktop/boxbot_ws/install/boxbot_teleop/lib/python3.12/site-packages:${PYTHONPATH} /usr/bin/python3 -W ignore:setup.py install is deprecated -W ignore:easy_install command is deprecated setup.py egg_info --egg-base ../../build/boxbot_teleop build --build-base /home/jacob/Desktop/boxbot_ws/build/boxbot_teleop/build install --record /home/jacob/Desktop/boxbot_ws/build/boxbot_teleop/install.log --single-version-externally-managed install_data
[0.746s] running egg_info
[0.756s] writing ../../build/boxbot_teleop/boxbot_teleop.egg-info/PKG-INFO
[0.756s] writing dependency_links to ../../build/boxbot_teleop/boxbot_teleop.egg-info/dependency_links.txt
[0.756s] writing entry points to ../../build/boxbot_teleop/boxbot_teleop.egg-info/entry_points.txt
[0.757s] writing requirements to ../../build/boxbot_teleop/boxbot_teleop.egg-info/requires.txt
[0.757s] writing top-level names to ../../build/boxbot_teleop/boxbot_teleop.egg-info/top_level.txt
[0.779s] reading manifest file '../../build/boxbot_teleop/boxbot_teleop.egg-info/SOURCES.txt'
[0.780s] adding license file 'LICENSE'
[0.780s] writing manifest file '../../build/boxbot_teleop/boxbot_teleop.egg-info/SOURCES.txt'
[0.780s] running build
[0.780s] running build_py
[0.780s] copying boxbot_teleop/teleop_node.py -> /home/jacob/Desktop/boxbot_ws/build/boxbot_teleop/build/lib/boxbot_teleop
[0.780s] running install
[0.784s] running install_lib
[0.795s] copying /home/jacob/Desktop/boxbot_ws/build/boxbot_teleop/build/lib/boxbot_teleop/teleop_node.py -> /home/jacob/Desktop/boxbot_ws/install/boxbot_teleop/lib/python3.12/site-packages/boxbot_teleop
[0.796s] byte-compiling /home/jacob/Desktop/boxbot_ws/install/boxbot_teleop/lib/python3.12/site-packages/boxbot_teleop/teleop_node.py to teleop_node.cpython-312.pyc
[0.796s] running install_data
[0.796s] running install_egg_info
[0.808s] removing '/home/jacob/Desktop/boxbot_ws/install/boxbot_teleop/lib/python3.12/site-packages/boxbot_teleop-0.0.0-py3.12.egg-info' (and everything under it)
[0.808s] Copying ../../build/boxbot_teleop/boxbot_teleop.egg-info to /home/jacob/Desktop/boxbot_ws/install/boxbot_teleop/lib/python3.12/site-packages/boxbot_teleop-0.0.0-py3.12.egg-info
[0.809s] running install_scripts
[0.886s] Installing teleop script to /home/jacob/Desktop/boxbot_ws/install/boxbot_teleop/lib/boxbot_teleop
[0.886s] writing list of installed files to '/home/jacob/Desktop/boxbot_ws/build/boxbot_teleop/install.log'
[0.902s] Invoked command in '/home/jacob/Desktop/boxbot_ws/src/boxbot_teleop' returned '0': DEBUGINFOD_URLS=https://debuginfod.ubuntu.com PYTHONPATH=/home/jacob/Desktop/boxbot_ws/build/boxbot_teleop/prefix_override:/usr/lib/python3/dist-packages/colcon_core/task/python/colcon_distutils_commands:/home/jacob/Desktop/boxbot_ws/install/boxbot_teleop/lib/python3.12/site-packages:${PYTHONPATH} /usr/bin/python3 -W ignore:setup.py install is deprecated -W ignore:easy_install command is deprecated setup.py egg_info --egg-base ../../build/boxbot_teleop build --build-base /home/jacob/Desktop/boxbot_ws/build/boxbot_teleop/build install --record /home/jacob/Desktop/boxbot_ws/build/boxbot_teleop/install.log --single-version-externally-managed install_data
