[0.655s] Invoking command in '/home/jacob/Desktop/boxbot_ws/src/py_pubsub': DEBUGINFOD_URLS=https://debuginfod.ubuntu.com PYTHONPATH=/home/jacob/Desktop/boxbot_ws/build/py_pubsub/prefix_override:/usr/lib/python3/dist-packages/colcon_core/task/python/colcon_distutils_commands:/home/jacob/Desktop/boxbot_ws/install/py_pubsub/lib/python3.12/site-packages:${PYTHONPATH} /usr/bin/python3 -W ignore:setup.py install is deprecated -W ignore:easy_install command is deprecated setup.py egg_info --egg-base ../../build/py_pubsub build --build-base /home/jacob/Desktop/boxbot_ws/build/py_pubsub/build install --record /home/jacob/Desktop/boxbot_ws/build/py_pubsub/install.log --single-version-externally-managed install_data
[0.827s] running egg_info
[0.839s] writing ../../build/py_pubsub/py_pubsub.egg-info/PKG-INFO
[0.840s] writing dependency_links to ../../build/py_pubsub/py_pubsub.egg-info/dependency_links.txt
[0.840s] writing entry points to ../../build/py_pubsub/py_pubsub.egg-info/entry_points.txt
[0.840s] writing requirements to ../../build/py_pubsub/py_pubsub.egg-info/requires.txt
[0.840s] writing top-level names to ../../build/py_pubsub/py_pubsub.egg-info/top_level.txt
[0.865s] reading manifest file '../../build/py_pubsub/py_pubsub.egg-info/SOURCES.txt'
[0.866s] adding license file 'LICENSE'
[0.867s] writing manifest file '../../build/py_pubsub/py_pubsub.egg-info/SOURCES.txt'
[0.867s] running build
[0.867s] running build_py
[0.867s] running install
[0.872s] running install_lib
[0.888s] running install_data
[0.888s] running install_egg_info
[0.902s] removing '/home/jacob/Desktop/boxbot_ws/install/py_pubsub/lib/python3.12/site-packages/py_pubsub-0.0.0-py3.12.egg-info' (and everything under it)
[0.902s] Copying ../../build/py_pubsub/py_pubsub.egg-info to /home/jacob/Desktop/boxbot_ws/install/py_pubsub/lib/python3.12/site-packages/py_pubsub-0.0.0-py3.12.egg-info
[0.902s] running install_scripts
[0.989s] Installing listener script to /home/jacob/Desktop/boxbot_ws/install/py_pubsub/lib/py_pubsub
[0.990s] Installing talker script to /home/jacob/Desktop/boxbot_ws/install/py_pubsub/lib/py_pubsub
[0.990s] writing list of installed files to '/home/jacob/Desktop/boxbot_ws/build/py_pubsub/install.log'
[1.011s] Invoked command in '/home/jacob/Desktop/boxbot_ws/src/py_pubsub' returned '0': DEBUGINFOD_URLS=https://debuginfod.ubuntu.com PYTHONPATH=/home/jacob/Desktop/boxbot_ws/build/py_pubsub/prefix_override:/usr/lib/python3/dist-packages/colcon_core/task/python/colcon_distutils_commands:/home/jacob/Desktop/boxbot_ws/install/py_pubsub/lib/python3.12/site-packages:${PYTHONPATH} /usr/bin/python3 -W ignore:setup.py install is deprecated -W ignore:easy_install command is deprecated setup.py egg_info --egg-base ../../build/py_pubsub build --build-base /home/jacob/Desktop/boxbot_ws/build/py_pubsub/build install --record /home/jacob/Desktop/boxbot_ws/build/py_pubsub/install.log --single-version-externally-managed install_data
